<?xml version="1.0" encoding="UTF-8"?>
<testng-results skipped="0" failed="0" total="1" passed="1">
  <reporter-output>
  </reporter-output>
  <suite name="Default suite" duration-ms="42421" started-at="2017-03-12T02:19:45Z" finished-at="2017-03-12T02:20:28Z">
    <groups>
    </groups>
    <test name="Default test" duration-ms="42421" started-at="2017-03-12T02:19:45Z" finished-at="2017-03-12T02:20:28Z">
      <class name="AskFan.actAskfan">
        <test-method status="PASS" signature="setUp()[pri:0, instance:AskFan.actAskfan@754ba872]" name="setUp" is-config="true" duration-ms="8794" started-at="2017-03-12T10:19:45Z" finished-at="2017-03-12T10:19:54Z">
          <reporter-output>
          </reporter-output>
        </test-method> <!-- setUp -->
        <test-method status="PASS" signature="Case1()[pri:0, instance:AskFan.actAskfan@754ba872]" name="Case1" duration-ms="32809" started-at="2017-03-12T10:19:54Z" finished-at="2017-03-12T10:20:27Z">
          <reporter-output>
          </reporter-output>
        </test-method> <!-- Case1 -->
        <test-method status="PASS" signature="tearDown()[pri:0, instance:AskFan.actAskfan@754ba872]" name="tearDown" is-config="true" duration-ms="804" started-at="2017-03-12T10:20:27Z" finished-at="2017-03-12T10:20:28Z">
          <reporter-output>
          </reporter-output>
        </test-method> <!-- tearDown -->
      </class> <!-- AskFan.actAskfan -->
    </test> <!-- Default test -->
  </suite> <!-- Default suite -->
</testng-results>
